[25/03/2022 12:50:47][<ScriptBlock>] Working on 1 subscriptions. SubscriptionIds: 'c02646f3-6401-40c7-8543-69333821da9a'
[25/03/2022 13:16:45][new-AzureMonitoringPattern.ps1] Working on 1 subscriptions. SubscriptionIds: 'c02646f3-6401-40c7-8543-69333821da9a'
[25/03/2022 13:41:48][new-AzureMonitoringPattern.ps1] Working on 1 subscriptions. SubscriptionIds: 'c02646f3-6401-40c7-8543-69333821da9a'
[25/03/2022 13:42:20][new-AzureMonitoringPattern.ps1] Working on 1 subscriptions. SubscriptionIds: 'c02646f3-6401-40c7-8543-69333821da9a'
[25/03/2022 13:47:32][new-AzureMonitoringPattern.ps1] Working on 1 subscriptions. SubscriptionIds: 'c02646f3-6401-40c7-8543-69333821da9a'
[25/03/2022 13:50:26][new-AzureMonitoringPattern.ps1] Working on 1 subscriptions. SubscriptionIds: 'c02646f3-6401-40c7-8543-69333821da9a'
[25/03/2022 13:50:39][new-AzureMonitoringPattern.ps1] Found 239 resources. These resources are instances of 30 unique Resource types.
[25/03/2022 13:51:28][new-AzureMonitoringPattern.ps1] Working on 1 subscriptions. SubscriptionIds: 'c02646f3-6401-40c7-8543-69333821da9a'
[25/03/2022 13:51:38][new-AzureMonitoringPattern.ps1] 'ContosoAll': Found 239 resources. These resources are instances of 30 unique Resource types.
[25/03/2022 13:53:30][new-AzureMonitoringPattern.ps1] Found 1 number of subscriptions. SubscriptionIds: 'c02646f3-6401-40c7-8543-69333821da9a'
[25/03/2022 13:53:30][new-AzureMonitoringPattern.ps1] Started Working on Subscription  with id'c02646f3-6401-40c7-8543-69333821da9a'
[25/03/2022 13:53:42][new-AzureMonitoringPattern.ps1] 'ContosoAll': Found 239 resources. These resources are instances of 30 unique Resource types.
[25/03/2022 14:25:06][new-AzureMonitoringPattern.ps1] Script Started.
[25/03/2022 14:25:06][new-AzureMonitoringPattern.ps1] Found 1 number of subscriptions. SubscriptionIds: 'c02646f3-6401-40c7-8543-69333821da9a'
[25/03/2022 14:25:06][new-AzureMonitoringPattern.ps1] Started Working on Subscription  with id 'c02646f3-6401-40c7-8543-69333821da9a'
[25/03/2022 14:25:23][new-AzureMonitoringPattern.ps1] 'ContosoAll': Found 239 resources. These resources are instances of 30 unique Resource types.
[25/03/2022 14:25:23][new-AzureMonitoringPattern.ps1] Script ended. Duration 17 seconds
[25/03/2022 14:25:49][new-AzureMonitoringPattern.ps1] Script Started.
[25/03/2022 14:25:49][new-AzureMonitoringPattern.ps1] Found 1 number of subscriptions. SubscriptionIds: 'c02646f3-6401-40c7-8543-69333821da9a'
[25/03/2022 14:25:49][new-AzureMonitoringPattern.ps1] Started Working on Subscription  with id 'c02646f3-6401-40c7-8543-69333821da9a'
[25/03/2022 14:26:01][new-AzureMonitoringPattern.ps1] 'ContosoAll': Found 239 resources. These resources are instances of 30 unique Resource types.
[25/03/2022 14:26:01][new-AzureMonitoringPattern.ps1] Script ended. Duration 12 seconds
[25/03/2022 14:38:10][new-AzureMonitoringPattern.ps1] Script Started.
[25/03/2022 14:38:10][new-AzureMonitoringPattern.ps1] Found 1 number of subscriptions. SubscriptionIds: 'c02646f3-6401-40c7-8543-69333821da9a'
[25/03/2022 14:38:10][new-AzureMonitoringPattern.ps1] Started Working on Subscription  with id 'c02646f3-6401-40c7-8543-69333821da9a'
[25/03/2022 14:38:26][new-AzureMonitoringPattern.ps1] 'ContosoAll': Found 239 resources. These resources are instances of 30 unique Resource types.
[25/03/2022 14:38:27][new-AzureMonitoringPattern.ps1] Script ended. Duration 17 seconds.
[25/03/2022 15:23:06][new-AzureMonitoringPattern.ps1] Script Started.
[25/03/2022 15:23:06][new-AzureMonitoringPattern.ps1] Found 1 number of subscriptions. SubscriptionIds: 'c02646f3-6401-40c7-8543-69333821da9a'
[25/03/2022 15:23:06][new-AzureMonitoringPattern.ps1] Started Working on Subscription  with id 'c02646f3-6401-40c7-8543-69333821da9a'
[25/03/2022 15:23:21][new-AzureMonitoringPattern.ps1] 'ContosoAll': Found 239 resources. These resources are instances of 30 unique Resource types.
[25/03/2022 15:23:21][new-AzureMonitoringPattern.ps1] Script ended. Duration 14 seconds.
[25/03/2022 15:30:22][new-AzureMonitoringPattern.ps1] Script Started.
[25/03/2022 15:30:22][new-AzureMonitoringPattern.ps1] Found 1 number of subscriptions. SubscriptionIds: 'c02646f3-6401-40c7-8543-69333821da9a'
[25/03/2022 15:30:22][new-AzureMonitoringPattern.ps1] Started Working on Subscription  with id 'c02646f3-6401-40c7-8543-69333821da9a'
[25/03/2022 15:30:35][new-AzureMonitoringPattern.ps1] 'ContosoAll': Found 239 resources. These resources are instances of 30 unique Resource types.
[25/03/2022 15:30:35][new-AzureMonitoringPattern.ps1] Script ended. Duration 13 seconds.
[25/03/2022 15:31:11][new-AzureMonitoringPattern.ps1] Script Started.
[25/03/2022 15:31:11][new-AzureMonitoringPattern.ps1] Found 1 number of subscriptions. SubscriptionIds: 'c02646f3-6401-40c7-8543-69333821da9a'
[25/03/2022 15:31:11][new-AzureMonitoringPattern.ps1] Started Working on Subscription  with id 'c02646f3-6401-40c7-8543-69333821da9a'
[25/03/2022 15:31:23][new-AzureMonitoringPattern.ps1] 'ContosoAll': Found 239 resources. These resources are instances of 30 unique Resource types.
[25/03/2022 15:31:23][new-AzureMonitoringPattern.ps1] Script ended. Duration 12 seconds.
[25/03/2022 15:50:04][new-AzureMonitoringPattern.ps1] Script Started.
[25/03/2022 15:50:04][new-AzureMonitoringPattern.ps1] Found 1 number of subscriptions. SubscriptionIds: 'c02646f3-6401-40c7-8543-69333821da9a'
[25/03/2022 15:50:04][new-AzureMonitoringPattern.ps1] Started Working on Subscription  with id 'c02646f3-6401-40c7-8543-69333821da9a'
[25/03/2022 15:50:19][new-AzureMonitoringPattern.ps1] 'ContosoAll': Found 239 resources. These resources are instances of 30 unique Resource types.
[25/03/2022 15:50:20][new-AzureMonitoringPattern.ps1] Script ended. Duration 16 seconds.
[25/03/2022 15:51:20][new-AzureMonitoringPattern.ps1] Script Started.
[25/03/2022 15:51:20][new-AzureMonitoringPattern.ps1] Found 1 number of subscriptions. SubscriptionIds: 'c02646f3-6401-40c7-8543-69333821da9a'
[25/03/2022 15:51:20][new-AzureMonitoringPattern.ps1] Started Working on Subscription  with id 'c02646f3-6401-40c7-8543-69333821da9a'
[25/03/2022 15:51:32][new-AzureMonitoringPattern.ps1] 'ContosoAll': Found 239 resources. These resources are instances of 30 unique Resource types.
[25/03/2022 15:51:41][new-AzureMonitoringPattern.ps1] Script ended. Duration 21 seconds.
[25/03/2022 15:54:23][new-AzureMonitoringPattern.ps1] Script Started.
[25/03/2022 15:54:23][new-AzureMonitoringPattern.ps1] Found 1 number of subscriptions. SubscriptionIds: 'c02646f3-6401-40c7-8543-69333821da9a'
[25/03/2022 15:54:23][new-AzureMonitoringPattern.ps1] Started Working on Subscription  with id 'c02646f3-6401-40c7-8543-69333821da9a'
[25/03/2022 15:54:36][new-AzureMonitoringPattern.ps1] 'ContosoAll': Found 239 resources. These resources are instances of 30 unique Resource types.
[25/03/2022 15:58:20][new-AzureMonitoringPattern.ps1] Script ended. Duration 237 seconds.
[25/03/2022 16:26:22][new-AzureMonitoringPattern.ps1] Script Started.
[25/03/2022 16:26:22][new-AzureMonitoringPattern.ps1] Found 1 number of subscriptions. SubscriptionIds: 'c02646f3-6401-40c7-8543-69333821da9a'
[25/03/2022 16:26:22][new-AzureMonitoringPattern.ps1] Started Working on Subscription  with id 'c02646f3-6401-40c7-8543-69333821da9a'
[25/03/2022 16:26:34][new-AzureMonitoringPattern.ps1] 'ContosoAll': Found 239 resources. These resources are instances of 30 unique Resource types.
[25/03/2022 16:26:43][new-AzureMonitoringPattern.ps1] Script ended. Duration 22 seconds.
[25/03/2022 16:27:41][new-AzureMonitoringPattern.ps1] Script Started.
[25/03/2022 16:27:41][new-AzureMonitoringPattern.ps1] Found 1 number of subscriptions. SubscriptionIds: 'c02646f3-6401-40c7-8543-69333821da9a'
[25/03/2022 16:27:41][new-AzureMonitoringPattern.ps1] Started Working on Subscription  with id 'c02646f3-6401-40c7-8543-69333821da9a'
[25/03/2022 16:27:49][new-AzureMonitoringPattern.ps1] 'ContosoAll': Found 239 resources. These resources are instances of 30 unique Resource types.
[25/03/2022 16:27:58][new-AzureMonitoringPattern.ps1] Script ended. Duration 17 seconds.
[25/03/2022 16:28:46][new-AzureMonitoringPattern.ps1] Script Started.
[25/03/2022 16:28:46][new-AzureMonitoringPattern.ps1] Found 1 number of subscriptions. SubscriptionIds: 'c02646f3-6401-40c7-8543-69333821da9a'
[25/03/2022 16:28:46][new-AzureMonitoringPattern.ps1] Started Working on Subscription  with id 'c02646f3-6401-40c7-8543-69333821da9a'
[25/03/2022 16:28:58][new-AzureMonitoringPattern.ps1] 'ContosoAll': Found 239 resources. These resources are instances of 30 unique Resource types.
[25/03/2022 16:29:07][new-AzureMonitoringPattern.ps1] Script ended. Duration 21 seconds.
[25/03/2022 19:02:25][new-AzureMonitoringPattern.ps1] Script Started.
[25/03/2022 19:02:25][new-AzureMonitoringPattern.ps1] Found 1 number of subscriptions. SubscriptionIds: 'c02646f3-6401-40c7-8543-69333821da9a'
[25/03/2022 19:02:25][new-AzureMonitoringPattern.ps1] Started Working on Subscription  with id 'c02646f3-6401-40c7-8543-69333821da9a'
[25/03/2022 19:02:49][new-AzureMonitoringPattern.ps1] 'ContosoAll': Found 239 resources. These resources are instances of 30 unique Resource types.
[25/03/2022 19:03:16][new-AzureMonitoringPattern.ps1] Script Started.
[25/03/2022 19:03:16][new-AzureMonitoringPattern.ps1] Found 1 number of subscriptions. SubscriptionIds: 'c02646f3-6401-40c7-8543-69333821da9a'
[25/03/2022 19:03:16][new-AzureMonitoringPattern.ps1] Started Working on Subscription  with id 'c02646f3-6401-40c7-8543-69333821da9a'
[25/03/2022 19:03:26][new-AzureMonitoringPattern.ps1] 'ContosoAll': Found 239 resources. These resources are instances of 30 unique Resource types.
[25/03/2022 19:04:19][new-AzureMonitoringPattern.ps1] Script Started.
[25/03/2022 19:04:19][new-AzureMonitoringPattern.ps1] Found 1 number of subscriptions. SubscriptionIds: 'c02646f3-6401-40c7-8543-69333821da9a'
[25/03/2022 19:04:19][new-AzureMonitoringPattern.ps1] Started Working on Subscription  with id 'c02646f3-6401-40c7-8543-69333821da9a'
[25/03/2022 19:04:29][new-AzureMonitoringPattern.ps1] 'ContosoAll': Found 239 resources. These resources are instances of 30 unique Resource types.
[25/03/2022 19:04:38][new-AzureMonitoringPattern.ps1] Script ended. Duration 19 seconds.
[25/03/2022 19:05:44][new-AzureMonitoringPattern.ps1] Script Started.
[25/03/2022 19:05:44][new-AzureMonitoringPattern.ps1] Found 1 number of subscriptions. SubscriptionIds: 'c02646f3-6401-40c7-8543-69333821da9a'
[25/03/2022 19:05:44][new-AzureMonitoringPattern.ps1] Started Working on Subscription  with id 'c02646f3-6401-40c7-8543-69333821da9a'
[25/03/2022 19:05:57][new-AzureMonitoringPattern.ps1] 'ContosoAll': Found 239 resources. These resources are instances of 30 unique Resource types.
[25/03/2022 19:06:09][new-AzureMonitoringPattern.ps1] Script ended. Duration 25 seconds.
