[01/06/2022 15:45:07][new-AzureMonitoringPattern.ps1] Script Started.
[01/06/2022 15:45:07][new-AzureMonitoringPattern.ps1] Found 1 number of subscriptions. SubscriptionIds: 'c02646f3-6401-40c7-8543-69333821da9a'
[01/06/2022 15:45:07][new-AzureMonitoringPattern.ps1] Started Working on Subscription  with id 'c02646f3-6401-40c7-8543-69333821da9a'
[01/06/2022 15:45:29][new-AzureMonitoringPattern.ps1] 'ContosoAll': Found 245 resources. These resources are instances of 31 unique Resource types.
[01/06/2022 15:45:40][new-AzureMonitoringPattern.ps1] Script ended. Duration 33 seconds.
[01/06/2022 15:48:34][new-AzureMonitoringPattern.ps1] Script Started.
[01/06/2022 15:48:34][new-AzureMonitoringPattern.ps1] Found 1 number of subscriptions. SubscriptionIds: 'c02646f3-6401-40c7-8543-69333821da9a'
[01/06/2022 15:48:34][new-AzureMonitoringPattern.ps1] Started Working on Subscription  with id 'c02646f3-6401-40c7-8543-69333821da9a'
[01/06/2022 15:48:48][new-AzureMonitoringPattern.ps1] 'ContosoAll': Found 245 resources. These resources are instances of 31 unique Resource types.
[01/06/2022 15:48:57][new-AzureMonitoringPattern.ps1] Script ended. Duration 22 seconds.
[01/06/2022 16:04:35][new-AzureMonitoringPattern.ps1] Script Started.
[01/06/2022 16:04:35][new-AzureMonitoringPattern.ps1] Found 1 number of subscriptions. SubscriptionIds: 'c02646f3-6401-40c7-8543-69333821da9a'
[01/06/2022 16:04:35][new-AzureMonitoringPattern.ps1] Started Working on Subscription  with id 'c02646f3-6401-40c7-8543-69333821da9a'
[01/06/2022 16:05:03][new-AzureMonitoringPattern.ps1] Script Started.
[01/06/2022 16:05:03][new-AzureMonitoringPattern.ps1] Found 1 number of subscriptions. SubscriptionIds: 'c02646f3-6401-40c7-8543-69333821da9a'
[01/06/2022 16:05:03][new-AzureMonitoringPattern.ps1] Started Working on Subscription  with id 'c02646f3-6401-40c7-8543-69333821da9a'
[01/06/2022 16:05:23][new-AzureMonitoringPattern.ps1] 'ContosoAll': Found 245 resources. These resources are instances of 31 unique Resource types.
[01/06/2022 16:05:23][new-AzureMonitoringPattern.ps1] 'ContosoAll': Found 245 resources. These resources are instances of 31 unique Resource types.
[01/06/2022 16:05:28][new-AzureMonitoringPattern.ps1] Script ended. Duration 26 seconds.
[01/06/2022 16:08:40][new-AzureMonitoringPattern.ps1] Script Started.
[01/06/2022 16:08:40][new-AzureMonitoringPattern.ps1] Found 1 number of subscriptions. SubscriptionIds: 'c02646f3-6401-40c7-8543-69333821da9a'
[01/06/2022 16:08:40][new-AzureMonitoringPattern.ps1] Started Working on Subscription  with id 'c02646f3-6401-40c7-8543-69333821da9a'
[01/06/2022 16:08:56][new-AzureMonitoringPattern.ps1] 'ContosoAll': Found 245 resources. These resources are instances of 31 unique Resource types.
[01/06/2022 16:08:56][new-AzureMonitoringPattern.ps1] 'ContosoAll': Found 245 resources. These resources are instances of 31 unique Resource types.
[01/06/2022 16:08:59][new-AzureMonitoringPattern.ps1] Script ended. Duration 19 seconds.
[01/06/2022 16:09:15][new-AzureMonitoringPattern.ps1] Script Started.
[01/06/2022 16:09:15][new-AzureMonitoringPattern.ps1] Found 1 number of subscriptions. SubscriptionIds: 'c02646f3-6401-40c7-8543-69333821da9a'
[01/06/2022 16:09:15][new-AzureMonitoringPattern.ps1] Started Working on Subscription  with id 'c02646f3-6401-40c7-8543-69333821da9a'
[01/06/2022 16:09:25][new-AzureMonitoringPattern.ps1] 'ContosoAll': Found 245 resources. These resources are instances of 31 unique Resource types.
[01/06/2022 16:09:25][new-AzureMonitoringPattern.ps1] 'ContosoAll': Found 245 resources. These resources are instances of 31 unique Resource types.
[01/06/2022 16:09:25][new-AzureMonitoringPattern.ps1] Script ended. Duration 10 seconds.
[01/06/2022 16:11:41][new-AzureMonitoringPattern.ps1] Script Started.
[01/06/2022 16:11:41][new-AzureMonitoringPattern.ps1] Found 1 number of subscriptions. SubscriptionIds: 'c02646f3-6401-40c7-8543-69333821da9a'
[01/06/2022 16:11:41][new-AzureMonitoringPattern.ps1] Started Working on Subscription  with id 'c02646f3-6401-40c7-8543-69333821da9a'
[01/06/2022 16:11:54][new-AzureMonitoringPattern.ps1] 'ContosoAll': Found 245 resources. These resources are instances of 31 unique Resource types.
[01/06/2022 16:14:11][new-AzureMonitoringPattern.ps1] 'ContosoAll': Found 245 resources. These resources are instances of 31 unique Resource types.
[01/06/2022 16:14:11][new-AzureMonitoringPattern.ps1] Script ended. Duration 150 seconds.
[01/06/2022 16:15:26][new-AzureMonitoringPattern.ps1] Script Started.
[01/06/2022 16:15:26][new-AzureMonitoringPattern.ps1] Found 1 number of subscriptions. SubscriptionIds: 'c02646f3-6401-40c7-8543-69333821da9a'
[01/06/2022 16:15:26][new-AzureMonitoringPattern.ps1] Started Working on Subscription  with id 'c02646f3-6401-40c7-8543-69333821da9a'
[01/06/2022 16:15:45][new-AzureMonitoringPattern.ps1] 'ContosoAll': Found 245 resources. These resources are instances of 31 unique Resource types.
[01/06/2022 16:20:36][new-AzureMonitoringPattern.ps1] Script Started.
[01/06/2022 16:20:36][new-AzureMonitoringPattern.ps1] Found 1 number of subscriptions. SubscriptionIds: 'c02646f3-6401-40c7-8543-69333821da9a'
[01/06/2022 16:20:36][new-AzureMonitoringPattern.ps1] Started Working on Subscription  with id 'c02646f3-6401-40c7-8543-69333821da9a'
[01/06/2022 16:22:13][new-AzureMonitoringPattern.ps1] 'ContosoAll': Found 245 resources. These resources are instances of 31 unique Resource types.
[01/06/2022 16:25:08][new-AzureMonitoringPattern.ps1] 'ContosoAll': Found 245 resources. These resources are instances of 31 unique Resource types.
[01/06/2022 16:25:08][new-AzureMonitoringPattern.ps1] Script ended. Duration 272 seconds.
[01/06/2022 16:27:28][new-AzureMonitoringPattern.ps1] Script Started.
[01/06/2022 16:27:28][new-AzureMonitoringPattern.ps1] Found 1 number of subscriptions. SubscriptionIds: 'c02646f3-6401-40c7-8543-69333821da9a'
[01/06/2022 16:27:28][new-AzureMonitoringPattern.ps1] Started Working on Subscription  with id 'c02646f3-6401-40c7-8543-69333821da9a'
[01/06/2022 16:28:10][new-AzureMonitoringPattern.ps1] 'ContosoAll': Found 245 resources. These resources are instances of 31 unique Resource types.
[01/06/2022 16:30:18][<ScriptBlock>] Script Started.
[01/06/2022 17:05:10][<ScriptBlock>] 'ContosoAll': Found 245 resources. These resources are instances of 31 unique Resource types.
[01/06/2022 17:27:17][Get-MetricsForResource] microsoft.insights/workbooks is not a supported platform metric namespace, supported ones are Microsoft.AnalysisServices/servers,Microsoft.Web/staticSites,Microsoft.Web/serverFarms,Microsoft.Web/sites,Microsoft.Web/sites/slots,Microsoft.Web/hostingEnvironments,Microsoft.Web/hostingEnvironments/multiRolePools,Microsoft.Web/hostingEnvironments/workerPools,Microsoft.Web/connections,Microsoft.IoTCentral/IoTApps,Microsoft.ServiceBus/namespaces,Microsoft.Network/virtualNetworks,Microsoft.Network/natGateways,Micro
[01/06/2022 17:27:19][Get-MetricsForResource] Microsoft.Network/networkSecurityGroups is not a supported platform metric namespace, supported ones are Microsoft.AnalysisServices/servers,Microsoft.Web/staticSites,Microsoft.Web/serverFarms,Microsoft.Web/sites,Microsoft.Web/sites/slots,Microsoft.Web/hostingEnvironments,Microsoft.Web/hostingEnvironments/multiRolePools,Microsoft.Web/hostingEnvironments/workerPools,Microsoft.Web/connections,Microsoft.IoTCentral/IoTApps,Microsoft.ServiceBus/namespaces,Microsoft.Network/virtualNetworks,Microsoft.Network/natGat
[01/06/2022 17:27:20][Get-MetricsForResource] Microsoft.Network/networkSecurityGroups is not a supported platform metric namespace, supported ones are Microsoft.AnalysisServices/servers,Microsoft.Web/staticSites,Microsoft.Web/serverFarms,Microsoft.Web/sites,Microsoft.Web/sites/slots,Microsoft.Web/hostingEnvironments,Microsoft.Web/hostingEnvironments/multiRolePools,Microsoft.Web/hostingEnvironments/workerPools,Microsoft.Web/connections,Microsoft.IoTCentral/IoTApps,Microsoft.ServiceBus/namespaces,Microsoft.Network/virtualNetworks,Microsoft.Network/natGat
[01/06/2022 17:27:21][Get-MetricsForResource] Microsoft.Automation/automationAccounts/runbooks is not a supported platform metric namespace, supported ones are Microsoft.AnalysisServices/servers,Microsoft.Web/staticSites,Microsoft.Web/serverFarms,Microsoft.Web/sites,Microsoft.Web/sites/slots,Microsoft.Web/hostingEnvironments,Microsoft.Web/hostingEnvironments/multiRolePools,Microsoft.Web/hostingEnvironments/workerPools,Microsoft.Web/connections,Microsoft.IoTCentral/IoTApps,Microsoft.ServiceBus/namespaces,Microsoft.Network/virtualNetworks,Microsoft.Netwo
[01/06/2022 17:27:21][Get-MetricsForResource] Microsoft.Automation/automationAccounts/configurations is not a supported platform metric namespace, supported ones are Microsoft.AnalysisServices/servers,Microsoft.Web/staticSites,Microsoft.Web/serverFarms,Microsoft.Web/sites,Microsoft.Web/sites/slots,Microsoft.Web/hostingEnvironments,Microsoft.Web/hostingEnvironments/multiRolePools,Microsoft.Web/hostingEnvironments/workerPools,Microsoft.Web/connections,Microsoft.IoTCentral/IoTApps,Microsoft.ServiceBus/namespaces,Microsoft.Network/virtualNetworks,Microsoft
[01/06/2022 17:27:22][Get-MetricsForResource] Microsoft.Compute/virtualMachines/extensions is not a supported platform metric namespace, supported ones are Microsoft.AnalysisServices/servers,Microsoft.Web/staticSites,Microsoft.Web/serverFarms,Microsoft.Web/sites,Microsoft.Web/sites/slots,Microsoft.Web/hostingEnvironments,Microsoft.Web/hostingEnvironments/multiRolePools,Microsoft.Web/hostingEnvironments/workerPools,Microsoft.Web/connections,Microsoft.IoTCentral/IoTApps,Microsoft.ServiceBus/namespaces,Microsoft.HealthcareApis/services,Microsoft.Healthcar
[01/06/2022 17:27:22][Get-MetricsForResource] Microsoft.Compute/sshPublicKeys is not a supported platform metric namespace, supported ones are Microsoft.AnalysisServices/servers,Microsoft.Web/staticSites,Microsoft.Web/serverFarms,Microsoft.Web/sites,Microsoft.Web/sites/slots,Microsoft.Web/hostingEnvironments,Microsoft.Web/hostingEnvironments/multiRolePools,Microsoft.Web/hostingEnvironments/workerPools,Microsoft.Web/connections,Microsoft.IoTCentral/IoTApps,Microsoft.ServiceBus/namespaces,Microsoft.Network/virtualNetworks,Microsoft.Network/natGateways,Mi
[01/06/2022 17:27:23][Get-MetricsForResource] Microsoft.Compute/sshPublicKeys is not a supported platform metric namespace, supported ones are Microsoft.AnalysisServices/servers,Microsoft.Web/staticSites,Microsoft.Web/serverFarms,Microsoft.Web/sites,Microsoft.Web/sites/slots,Microsoft.Web/hostingEnvironments,Microsoft.Web/hostingEnvironments/multiRolePools,Microsoft.Web/hostingEnvironments/workerPools,Microsoft.Web/connections,Microsoft.IoTCentral/IoTApps,Microsoft.ServiceBus/namespaces,Microsoft.Network/virtualNetworks,Microsoft.Network/natGateways,Mi
[01/06/2022 17:27:25][Get-MetricsForResource] Microsoft.Compute/sshPublicKeys is not a supported platform metric namespace, supported ones are Microsoft.AnalysisServices/servers,Microsoft.Web/staticSites,Microsoft.Web/serverFarms,Microsoft.Web/sites,Microsoft.Web/sites/slots,Microsoft.Web/hostingEnvironments,Microsoft.Web/hostingEnvironments/multiRolePools,Microsoft.Web/hostingEnvironments/workerPools,Microsoft.Web/connections,Microsoft.IoTCentral/IoTApps,Microsoft.ServiceBus/namespaces,Microsoft.Network/virtualNetworks,Microsoft.Network/natGateways,Mi
[01/06/2022 17:27:25][Get-MetricsForResource] Microsoft.Compute/sshPublicKeys is not a supported platform metric namespace, supported ones are Microsoft.AnalysisServices/servers,Microsoft.Web/staticSites,Microsoft.Web/serverFarms,Microsoft.Web/sites,Microsoft.Web/sites/slots,Microsoft.Web/hostingEnvironments,Microsoft.Web/hostingEnvironments/multiRolePools,Microsoft.Web/hostingEnvironments/workerPools,Microsoft.Web/connections,Microsoft.IoTCentral/IoTApps,Microsoft.ServiceBus/namespaces,Microsoft.Network/virtualNetworks,Microsoft.Network/natGateways,Mi
[01/06/2022 17:27:26][Get-MetricsForResource] Microsoft.Compute/sshPublicKeys is not a supported platform metric namespace, supported ones are Microsoft.AnalysisServices/servers,Microsoft.Web/staticSites,Microsoft.Web/serverFarms,Microsoft.Web/sites,Microsoft.Web/sites/slots,Microsoft.Web/hostingEnvironments,Microsoft.Web/hostingEnvironments/multiRolePools,Microsoft.Web/hostingEnvironments/workerPools,Microsoft.Web/connections,Microsoft.IoTCentral/IoTApps,Microsoft.ServiceBus/namespaces,Microsoft.Network/virtualNetworks,Microsoft.Network/natGateways,Mi
[01/06/2022 17:27:27][Get-MetricsForResource] Microsoft.DevTestLab/schedules is not a supported platform metric namespace, supported ones are Microsoft.AnalysisServices/servers,Microsoft.Web/staticSites,Microsoft.Web/serverFarms,Microsoft.Web/sites,Microsoft.Web/sites/slots,Microsoft.Web/hostingEnvironments,Microsoft.Web/hostingEnvironments/multiRolePools,Microsoft.Web/hostingEnvironments/workerPools,Microsoft.Web/connections,Microsoft.IoTCentral/IoTApps,Microsoft.ServiceBus/namespaces,Microsoft.Network/virtualNetworks,Microsoft.Network/natGateways,Mic
[01/06/2022 17:27:27][Get-MetricsForResource] Microsoft.DevTestLab/schedules is not a supported platform metric namespace, supported ones are Microsoft.AnalysisServices/servers,Microsoft.Web/staticSites,Microsoft.Web/serverFarms,Microsoft.Web/sites,Microsoft.Web/sites/slots,Microsoft.Web/hostingEnvironments,Microsoft.Web/hostingEnvironments/multiRolePools,Microsoft.Web/hostingEnvironments/workerPools,Microsoft.Web/connections,Microsoft.IoTCentral/IoTApps,Microsoft.ServiceBus/namespaces,Microsoft.Network/virtualNetworks,Microsoft.Network/natGateways,Mic
[01/06/2022 17:27:28][Get-MetricsForResource] Microsoft.DevTestLab/schedules is not a supported platform metric namespace, supported ones are Microsoft.AnalysisServices/servers,Microsoft.Web/staticSites,Microsoft.Web/serverFarms,Microsoft.Web/sites,Microsoft.Web/sites/slots,Microsoft.Web/hostingEnvironments,Microsoft.Web/hostingEnvironments/multiRolePools,Microsoft.Web/hostingEnvironments/workerPools,Microsoft.Web/connections,Microsoft.IoTCentral/IoTApps,Microsoft.ServiceBus/namespaces,Microsoft.Network/virtualNetworks,Microsoft.Network/natGateways,Mic
[01/06/2022 17:27:29][Get-MetricsForResource] Microsoft.DevTestLab/schedules is not a supported platform metric namespace, supported ones are Microsoft.AnalysisServices/servers,Microsoft.Web/staticSites,Microsoft.Web/serverFarms,Microsoft.Web/sites,Microsoft.Web/sites/slots,Microsoft.Web/hostingEnvironments,Microsoft.Web/hostingEnvironments/multiRolePools,Microsoft.Web/hostingEnvironments/workerPools,Microsoft.Web/connections,Microsoft.IoTCentral/IoTApps,Microsoft.ServiceBus/namespaces,Microsoft.Network/virtualNetworks,Microsoft.Network/natGateways,Mic
[01/06/2022 17:27:30][Get-MetricsForResource] Microsoft.OperationsManagement/solutions is not a supported platform metric namespace, supported ones are Microsoft.AnalysisServices/servers,Microsoft.Web/staticSites,Microsoft.Web/serverFarms,Microsoft.Web/sites,Microsoft.Web/sites/slots,Microsoft.Web/hostingEnvironments,Microsoft.Web/hostingEnvironments/multiRolePools,Microsoft.Web/hostingEnvironments/workerPools,Microsoft.Web/connections,Microsoft.IoTCentral/IoTApps,Microsoft.ServiceBus/namespaces,Microsoft.Network/virtualNetworks,Microsoft.Network/natGa
[01/06/2022 17:27:32][Get-MetricsForResource] Microsoft.OperationsManagement/solutions is not a supported platform metric namespace, supported ones are Microsoft.AnalysisServices/servers,Microsoft.Web/staticSites,Microsoft.Web/serverFarms,Microsoft.Web/sites,Microsoft.Web/sites/slots,Microsoft.Web/hostingEnvironments,Microsoft.Web/hostingEnvironments/multiRolePools,Microsoft.Web/hostingEnvironments/workerPools,Microsoft.Web/connections,Microsoft.IoTCentral/IoTApps,Microsoft.ServiceBus/namespaces,Microsoft.Network/virtualNetworks,Microsoft.Network/natGa
[01/06/2022 17:27:32][Get-MetricsForResource] microsoft.insights/actiongroups is not a supported platform metric namespace, supported ones are Microsoft.AnalysisServices/servers,Microsoft.Web/staticSites,Microsoft.Web/serverFarms,Microsoft.Web/sites,Microsoft.Web/sites/slots,Microsoft.Web/hostingEnvironments,Microsoft.Web/hostingEnvironments/multiRolePools,Microsoft.Web/hostingEnvironments/workerPools,Microsoft.Web/connections,Microsoft.IoTCentral/IoTApps,Microsoft.ServiceBus/namespaces,Microsoft.HealthcareApis/services,Microsoft.HealthcareApis/workspa
[01/06/2022 17:27:33][Get-MetricsForResource] microsoft.insights/scheduledqueryrules is not a supported platform metric namespace, supported ones are Microsoft.AnalysisServices/servers,Microsoft.IoTCentral/IoTApps,Microsoft.Web/staticSites,Microsoft.Web/serverFarms,Microsoft.Web/sites,Microsoft.Web/sites/slots,Microsoft.Web/hostingEnvironments,Microsoft.Web/hostingEnvironments/multiRolePools,Microsoft.Web/hostingEnvironments/workerPools,Microsoft.Web/connections,Microsoft.ServiceBus/namespaces,Microsoft.Network/virtualNetworks,Microsoft.Network/natGate
[01/06/2022 17:27:34][Get-MetricsForResource] microsoft.insights/scheduledqueryrules is not a supported platform metric namespace, supported ones are Microsoft.AnalysisServices/servers,Microsoft.IoTCentral/IoTApps,Microsoft.Web/staticSites,Microsoft.Web/serverFarms,Microsoft.Web/sites,Microsoft.Web/sites/slots,Microsoft.Web/hostingEnvironments,Microsoft.Web/hostingEnvironments/multiRolePools,Microsoft.Web/hostingEnvironments/workerPools,Microsoft.Web/connections,Microsoft.ServiceBus/namespaces,Microsoft.Network/virtualNetworks,Microsoft.Network/natGate
[01/06/2022 17:27:35][Get-MetricsForResource] microsoft.insights/scheduledqueryrules is not a supported platform metric namespace, supported ones are Microsoft.AnalysisServices/servers,Microsoft.IoTCentral/IoTApps,Microsoft.Web/staticSites,Microsoft.Web/serverFarms,Microsoft.Web/sites,Microsoft.Web/sites/slots,Microsoft.Web/hostingEnvironments,Microsoft.Web/hostingEnvironments/multiRolePools,Microsoft.Web/hostingEnvironments/workerPools,Microsoft.Web/connections,Microsoft.ServiceBus/namespaces,Microsoft.Network/virtualNetworks,Microsoft.Network/natGate
[01/06/2022 17:27:35][Get-MetricsForResource] microsoft.alertsmanagement/smartDetectorAlertRules is not a supported platform metric namespace, supported ones are Microsoft.AnalysisServices/servers,Microsoft.Web/staticSites,Microsoft.Web/serverFarms,Microsoft.Web/sites,Microsoft.Web/sites/slots,Microsoft.Web/hostingEnvironments,Microsoft.Web/hostingEnvironments/multiRolePools,Microsoft.Web/hostingEnvironments/workerPools,Microsoft.Web/connections,Microsoft.IoTCentral/IoTApps,Microsoft.ServiceBus/namespaces,Microsoft.HealthcareApis/services,Microsoft.Hea
[01/06/2022 17:27:35][Get-MetricsForResource] microsoft.alertsmanagement/smartDetectorAlertRules is not a supported platform metric namespace, supported ones are Microsoft.AnalysisServices/servers,Microsoft.Web/staticSites,Microsoft.Web/serverFarms,Microsoft.Web/sites,Microsoft.Web/sites/slots,Microsoft.Web/hostingEnvironments,Microsoft.Web/hostingEnvironments/multiRolePools,Microsoft.Web/hostingEnvironments/workerPools,Microsoft.Web/connections,Microsoft.IoTCentral/IoTApps,Microsoft.ServiceBus/namespaces,Microsoft.HealthcareApis/services,Microsoft.Hea
[01/06/2022 17:27:36][Get-MetricsForResource] microsoft.alertsmanagement/smartDetectorAlertRules is not a supported platform metric namespace, supported ones are Microsoft.AnalysisServices/servers,Microsoft.Web/staticSites,Microsoft.Web/serverFarms,Microsoft.Web/sites,Microsoft.Web/sites/slots,Microsoft.Web/hostingEnvironments,Microsoft.Web/hostingEnvironments/multiRolePools,Microsoft.Web/hostingEnvironments/workerPools,Microsoft.Web/connections,Microsoft.IoTCentral/IoTApps,Microsoft.ServiceBus/namespaces,Microsoft.HealthcareApis/services,Microsoft.Hea
[01/06/2022 17:27:37][Get-MetricsForResource] microsoft.alertsmanagement/smartDetectorAlertRules is not a supported platform metric namespace, supported ones are Microsoft.AnalysisServices/servers,Microsoft.Web/staticSites,Microsoft.Web/serverFarms,Microsoft.Web/sites,Microsoft.Web/sites/slots,Microsoft.Web/hostingEnvironments,Microsoft.Web/hostingEnvironments/multiRolePools,Microsoft.Web/hostingEnvironments/workerPools,Microsoft.Web/connections,Microsoft.IoTCentral/IoTApps,Microsoft.ServiceBus/namespaces,Microsoft.HealthcareApis/services,Microsoft.Hea
[01/06/2022 17:27:38][Get-MetricsForResource] Microsoft.HybridCompute/machines/extensions is not a supported platform metric namespace, supported ones are Microsoft.AnalysisServices/servers,Microsoft.Web/staticSites,Microsoft.Web/serverFarms,Microsoft.Web/sites,Microsoft.Web/sites/slots,Microsoft.Web/hostingEnvironments,Microsoft.Web/hostingEnvironments/multiRolePools,Microsoft.Web/hostingEnvironments/workerPools,Microsoft.Web/connections,Microsoft.IoTCentral/IoTApps,Microsoft.ServiceBus/namespaces,Microsoft.HealthcareApis/services,Microsoft.Healthcare
[01/06/2022 17:27:38][Get-MetricsForResource] Microsoft.HybridCompute/machines is not a supported platform metric namespace, supported ones are Microsoft.AnalysisServices/servers,Microsoft.Web/staticSites,Microsoft.Web/serverFarms,Microsoft.Web/sites,Microsoft.Web/sites/slots,Microsoft.Web/hostingEnvironments,Microsoft.Web/hostingEnvironments/multiRolePools,Microsoft.Web/hostingEnvironments/workerPools,Microsoft.Web/connections,Microsoft.IoTCentral/IoTApps,Microsoft.ServiceBus/namespaces,Microsoft.HealthcareApis/services,Microsoft.HealthcareApis/worksp
[01/06/2022 17:27:39][Get-MetricsForResource] Microsoft.HybridCompute/machines is not a supported platform metric namespace, supported ones are Microsoft.AnalysisServices/servers,Microsoft.Web/staticSites,Microsoft.Web/serverFarms,Microsoft.Web/sites,Microsoft.Web/sites/slots,Microsoft.Web/hostingEnvironments,Microsoft.Web/hostingEnvironments/multiRolePools,Microsoft.Web/hostingEnvironments/workerPools,Microsoft.Web/connections,Microsoft.IoTCentral/IoTApps,Microsoft.ServiceBus/namespaces,Microsoft.HealthcareApis/services,Microsoft.HealthcareApis/worksp
[01/06/2022 17:27:39][Get-MetricsForResource] Microsoft.HybridCompute/machines is not a supported platform metric namespace, supported ones are Microsoft.AnalysisServices/servers,Microsoft.Web/staticSites,Microsoft.Web/serverFarms,Microsoft.Web/sites,Microsoft.Web/sites/slots,Microsoft.Web/hostingEnvironments,Microsoft.Web/hostingEnvironments/multiRolePools,Microsoft.Web/hostingEnvironments/workerPools,Microsoft.Web/connections,Microsoft.IoTCentral/IoTApps,Microsoft.ServiceBus/namespaces,Microsoft.HealthcareApis/services,Microsoft.HealthcareApis/worksp
[01/06/2022 17:27:40][Get-MetricsForResource] Microsoft.Insights/dataCollectionRules is not a supported platform metric namespace, supported ones are Microsoft.AnalysisServices/servers,Microsoft.Web/staticSites,Microsoft.Web/serverFarms,Microsoft.Web/sites,Microsoft.Web/sites/slots,Microsoft.Web/hostingEnvironments,Microsoft.Web/hostingEnvironments/multiRolePools,Microsoft.Web/hostingEnvironments/workerPools,Microsoft.Web/connections,Microsoft.IoTCentral/IoTApps,Microsoft.ServiceBus/namespaces,Microsoft.HealthcareApis/services,Microsoft.HealthcareApis/
[01/06/2022 17:27:41][Get-MetricsForResource] Microsoft.Network/routeTables is not a supported platform metric namespace, supported ones are Microsoft.AnalysisServices/servers,Microsoft.Web/staticSites,Microsoft.Web/serverFarms,Microsoft.Web/sites,Microsoft.Web/sites/slots,Microsoft.Web/hostingEnvironments,Microsoft.Web/hostingEnvironments/multiRolePools,Microsoft.Web/hostingEnvironments/workerPools,Microsoft.Web/connections,Microsoft.IoTCentral/IoTApps,Microsoft.ServiceBus/namespaces,Microsoft.HealthcareApis/services,Microsoft.HealthcareApis/workspace
